<?xml version="1.0" encoding="UTF-8"?>
<!-- Generated by org.testng.reporters.JUnitReportReporter -->
<testsuite hostname="LAPTOP-SELGG101" failures="0" tests="1" name="Scenario1HRM1.OrangeHRMTest" time="96.687" errors="0" timestamp="2024-12-29T19:33:59 IST" skipped="0">
  <testcase classname="Scenario1HRM1.OrangeHRMTest" name="loginTest" time="96.687"/>
  <system-out/>
</testsuite> <!-- Scenario1HRM1.OrangeHRMTest -->
